-------------------------------------------------------------------------------
Test set: org.openmrs.module.OpenMRSSMSModule.api.ServiceLayerServiceTest
-------------------------------------------------------------------------------
Tests run: 1, Failures: 0, Errors: 1, Skipped: 0, Time elapsed: 4.931 sec <<< FAILURE!
shouldSetupContext(org.openmrs.module.OpenMRSSMSModule.api.ServiceLayerServiceTest)  Time elapsed: 4.68 sec  <<< ERROR!
java.lang.IllegalStateException: Failed to load ApplicationContext
	at org.springframework.test.context.TestContext.getApplicationContext(TestContext.java:308)
	at org.springframework.test.context.support.DependencyInjectionTestExecutionListener.injectDependencies(DependencyInjectionTestExecutionListener.java:109)
	at org.springframework.test.context.support.DependencyInjectionTestExecutionListener.prepareTestInstance(DependencyInjectionTestExecutionListener.java:75)
	at org.springframework.test.context.TestContextManager.prepareTestInstance(TestContextManager.java:321)
	at org.springframework.test.context.junit4.SpringJUnit4ClassRunner.createTest(SpringJUnit4ClassRunner.java:220)
	at org.springframework.test.context.junit4.SpringJUnit4ClassRunner$1.runReflectiveCall(SpringJUnit4ClassRunner.java:301)
	at org.junit.internal.runners.model.ReflectiveCallable.run(ReflectiveCallable.java:15)
	at org.springframework.test.context.junit4.SpringJUnit4ClassRunner.methodBlock(SpringJUnit4ClassRunner.java:303)
	at org.springframework.test.context.junit4.SpringJUnit4ClassRunner.runChild(SpringJUnit4ClassRunner.java:240)
	at org.junit.runners.BlockJUnit4ClassRunner.runChild(BlockJUnit4ClassRunner.java:49)
	at org.junit.runners.ParentRunner$3.run(ParentRunner.java:193)
	at org.junit.runners.ParentRunner$1.schedule(ParentRunner.java:52)
	at org.junit.runners.ParentRunner.runChildren(ParentRunner.java:191)
	at org.junit.runners.ParentRunner.access$000(ParentRunner.java:42)
	at org.junit.runners.ParentRunner$2.evaluate(ParentRunner.java:184)
	at org.springframework.test.context.junit4.statements.RunBeforeTestClassCallbacks.evaluate(RunBeforeTestClassCallbacks.java:61)
	at org.junit.internal.runners.statements.RunAfters.evaluate(RunAfters.java:31)
	at org.springframework.test.context.junit4.statements.RunAfterTestClassCallbacks.evaluate(RunAfterTestClassCallbacks.java:70)
	at org.junit.runners.ParentRunner.run(ParentRunner.java:236)
	at org.springframework.test.context.junit4.SpringJUnit4ClassRunner.run(SpringJUnit4ClassRunner.java:180)
	at org.apache.maven.surefire.junit4.JUnit4TestSet.execute(JUnit4TestSet.java:53)
	at org.apache.maven.surefire.junit4.JUnit4Provider.executeTestSet(JUnit4Provider.java:123)
	at org.apache.maven.surefire.junit4.JUnit4Provider.invoke(JUnit4Provider.java:104)
	at sun.reflect.NativeMethodAccessorImpl.invoke0(Native Method)
	at sun.reflect.NativeMethodAccessorImpl.invoke(NativeMethodAccessorImpl.java:39)
	at sun.reflect.DelegatingMethodAccessorImpl.invoke(DelegatingMethodAccessorImpl.java:25)
	at java.lang.reflect.Method.invoke(Method.java:597)
	at org.apache.maven.surefire.util.ReflectionUtils.invokeMethodWithArray(ReflectionUtils.java:164)
	at org.apache.maven.surefire.booter.ProviderFactory$ProviderProxy.invoke(ProviderFactory.java:110)
	at org.apache.maven.surefire.booter.SurefireStarter.invokeProvider(SurefireStarter.java:175)
	at org.apache.maven.surefire.booter.SurefireStarter.runSuitesInProcessWhenForked(SurefireStarter.java:107)
	at org.apache.maven.surefire.booter.ForkedBooter.main(ForkedBooter.java:68)
Caused by: org.springframework.beans.factory.BeanCreationException: Error creating bean with name 'serviceContext$child#1' defined in URL [file:/C:/repository/Sita/OpenMRSSMSModule/api/target/classes/moduleApplicationContext.xml]: Cannot create inner bean 'org.springframework.transaction.interceptor.TransactionProxyFactoryBean#15ccfb1' of type [org.springframework.transaction.interceptor.TransactionProxyFactoryBean] while setting bean property 'moduleService' with key [1]; nested exception is org.springframework.beans.factory.BeanCreationException: Error creating bean with name 'org.springframework.transaction.interceptor.TransactionProxyFactoryBean#15ccfb1' defined in URL [file:/C:/repository/Sita/OpenMRSSMSModule/api/target/classes/moduleApplicationContext.xml]: Cannot create inner bean 'org.openmrs.module.OpenMRSSMSModule.api.impl.smsmoduleServiceImpl#148e798' of type [org.openmrs.module.OpenMRSSMSModule.api.impl.smsmoduleServiceImpl] while setting bean property 'target'; nested exception is org.springframework.beans.factory.CannotLoadBeanClassException: Error loading class [org.openmrs.module.OpenMRSSMSModule.api.impl.smsmoduleServiceImpl] for bean with name 'org.openmrs.module.OpenMRSSMSModule.api.impl.smsmoduleServiceImpl#148e798' defined in URL [file:/C:/repository/Sita/OpenMRSSMSModule/api/target/classes/moduleApplicationContext.xml]: problem with class file or dependent class; nested exception is java.lang.NoClassDefFoundError: org/openmrs/module/OpenMRSSMSModule/api/impl/smsmoduleServiceImpl (wrong name: org/openmrs/module/OpenMRSSMSModule/api/impl/SmsModuleServiceImpl)
	at org.springframework.beans.factory.support.BeanDefinitionValueResolver.resolveInnerBean(BeanDefinitionValueResolver.java:281)
	at org.springframework.beans.factory.support.BeanDefinitionValueResolver.resolveValueIfNecessary(BeanDefinitionValueResolver.java:120)
	at org.springframework.beans.factory.support.BeanDefinitionValueResolver.resolveManagedList(BeanDefinitionValueResolver.java:353)
	at org.springframework.beans.factory.support.BeanDefinitionValueResolver.resolveValueIfNecessary(BeanDefinitionValueResolver.java:153)
	at org.springframework.beans.factory.support.AbstractAutowireCapableBeanFactory.applyPropertyValues(AbstractAutowireCapableBeanFactory.java:1325)
	at org.springframework.beans.factory.support.AbstractAutowireCapableBeanFactory.populateBean(AbstractAutowireCapableBeanFactory.java:1086)
	at org.springframework.beans.factory.support.AbstractAutowireCapableBeanFactory.doCreateBean(AbstractAutowireCapableBeanFactory.java:517)
	at org.springframework.beans.factory.support.AbstractAutowireCapableBeanFactory.createBean(AbstractAutowireCapableBeanFactory.java:456)
	at org.springframework.beans.factory.support.AbstractBeanFactory$1.getObject(AbstractBeanFactory.java:291)
	at org.springframework.beans.factory.support.DefaultSingletonBeanRegistry.getSingleton(DefaultSingletonBeanRegistry.java:222)
	at org.springframework.beans.factory.support.AbstractBeanFactory.doGetBean(AbstractBeanFactory.java:288)
	at org.springframework.beans.factory.support.AbstractBeanFactory.getBean(AbstractBeanFactory.java:190)
	at org.springframework.beans.factory.support.DefaultListableBeanFactory.preInstantiateSingletons(DefaultListableBeanFactory.java:580)
	at org.springframework.context.support.AbstractApplicationContext.finishBeanFactoryInitialization(AbstractApplicationContext.java:895)
	at org.springframework.context.support.AbstractApplicationContext.refresh(AbstractApplicationContext.java:425)
	at org.springframework.test.context.support.AbstractGenericContextLoader.loadContext(AbstractGenericContextLoader.java:84)
	at org.springframework.test.context.support.AbstractGenericContextLoader.loadContext(AbstractGenericContextLoader.java:1)
	at org.springframework.test.context.TestContext.loadApplicationContext(TestContext.java:280)
	at org.springframework.test.context.TestContext.getApplicationContext(TestContext.java:304)
	... 31 more
Caused by: org.springframework.beans.factory.BeanCreationException: Error creating bean with name 'org.springframework.transaction.interceptor.TransactionProxyFactoryBean#15ccfb1' defined in URL [file:/C:/repository/Sita/OpenMRSSMSModule/api/target/classes/moduleApplicationContext.xml]: Cannot create inner bean 'org.openmrs.module.OpenMRSSMSModule.api.impl.smsmoduleServiceImpl#148e798' of type [org.openmrs.module.OpenMRSSMSModule.api.impl.smsmoduleServiceImpl] while setting bean property 'target'; nested exception is org.springframework.beans.factory.CannotLoadBeanClassException: Error loading class [org.openmrs.module.OpenMRSSMSModule.api.impl.smsmoduleServiceImpl] for bean with name 'org.openmrs.module.OpenMRSSMSModule.api.impl.smsmoduleServiceImpl#148e798' defined in URL [file:/C:/repository/Sita/OpenMRSSMSModule/api/target/classes/moduleApplicationContext.xml]: problem with class file or dependent class; nested exception is java.lang.NoClassDefFoundError: org/openmrs/module/OpenMRSSMSModule/api/impl/smsmoduleServiceImpl (wrong name: org/openmrs/module/OpenMRSSMSModule/api/impl/SmsModuleServiceImpl)
	at org.springframework.beans.factory.support.BeanDefinitionValueResolver.resolveInnerBean(BeanDefinitionValueResolver.java:281)
	at org.springframework.beans.factory.support.BeanDefinitionValueResolver.resolveValueIfNecessary(BeanDefinitionValueResolver.java:120)
	at org.springframework.beans.factory.support.AbstractAutowireCapableBeanFactory.applyPropertyValues(AbstractAutowireCapableBeanFactory.java:1325)
	at org.springframework.beans.factory.support.AbstractAutowireCapableBeanFactory.populateBean(AbstractAutowireCapableBeanFactory.java:1086)
	at org.springframework.beans.factory.support.AbstractAutowireCapableBeanFactory.doCreateBean(AbstractAutowireCapableBeanFactory.java:517)
	at org.springframework.beans.factory.support.AbstractAutowireCapableBeanFactory.createBean(AbstractAutowireCapableBeanFactory.java:456)
	at org.springframework.beans.factory.support.BeanDefinitionValueResolver.resolveInnerBean(BeanDefinitionValueResolver.java:270)
	... 49 more
Caused by: org.springframework.beans.factory.CannotLoadBeanClassException: Error loading class [org.openmrs.module.OpenMRSSMSModule.api.impl.smsmoduleServiceImpl] for bean with name 'org.openmrs.module.OpenMRSSMSModule.api.impl.smsmoduleServiceImpl#148e798' defined in URL [file:/C:/repository/Sita/OpenMRSSMSModule/api/target/classes/moduleApplicationContext.xml]: problem with class file or dependent class; nested exception is java.lang.NoClassDefFoundError: org/openmrs/module/OpenMRSSMSModule/api/impl/smsmoduleServiceImpl (wrong name: org/openmrs/module/OpenMRSSMSModule/api/impl/SmsModuleServiceImpl)
	at org.springframework.beans.factory.support.AbstractBeanFactory.resolveBeanClass(AbstractBeanFactory.java:1253)
	at org.springframework.beans.factory.support.AbstractAutowireCapableBeanFactory.createBean(AbstractAutowireCapableBeanFactory.java:433)
	at org.springframework.beans.factory.support.BeanDefinitionValueResolver.resolveInnerBean(BeanDefinitionValueResolver.java:270)
	... 55 more
Caused by: java.lang.NoClassDefFoundError: org/openmrs/module/OpenMRSSMSModule/api/impl/smsmoduleServiceImpl (wrong name: org/openmrs/module/OpenMRSSMSModule/api/impl/SmsModuleServiceImpl)
	at java.lang.ClassLoader.defineClass1(Native Method)
	at java.lang.ClassLoader.defineClassCond(ClassLoader.java:631)
	at java.lang.ClassLoader.defineClass(ClassLoader.java:615)
	at java.security.SecureClassLoader.defineClass(SecureClassLoader.java:141)
	at java.net.URLClassLoader.defineClass(URLClassLoader.java:283)
	at java.net.URLClassLoader.access$000(URLClassLoader.java:58)
	at java.net.URLClassLoader$1.run(URLClassLoader.java:197)
	at java.security.AccessController.doPrivileged(Native Method)
	at java.net.URLClassLoader.findClass(URLClassLoader.java:190)
	at java.lang.ClassLoader.loadClass(ClassLoader.java:306)
	at sun.misc.Launcher$AppClassLoader.loadClass(Launcher.java:301)
	at java.lang.ClassLoader.loadClass(ClassLoader.java:247)
	at org.openmrs.util.OpenmrsClassLoader.loadClass(OpenmrsClassLoader.java:155)
	at java.lang.ClassLoader.loadClass(ClassLoader.java:247)
	at org.springframework.util.ClassUtils.forName(ClassUtils.java:257)
	at org.springframework.beans.factory.support.AbstractBeanDefinition.resolveBeanClass(AbstractBeanDefinition.java:408)
	at org.springframework.beans.factory.support.AbstractBeanFactory.doResolveBeanClass(AbstractBeanFactory.java:1271)
	at org.springframework.beans.factory.support.AbstractBeanFactory.resolveBeanClass(AbstractBeanFactory.java:1242)
	... 57 more
